<?xml version="1.0" encoding="UTF-8"?>
<testng-results ignored="0" total="2" passed="1" failed="1" skipped="0">
  <reporter-output>
  </reporter-output>
  <suite started-at="2023-10-13T17:14:36 IST" name="Suite" finished-at="2023-10-13T17:14:44 IST" duration-ms="8140">
    <groups>
      <group name="Sanity">
        <method signature="CartPageTest.checkProductToCart()[pri:0, instance:com.mystore.testcases.CartPageTest@514646ef]" name="checkProductToCart" class="com.mystore.testcases.CartPageTest"/>
      </group> <!-- Sanity -->
      <group name="Regression">
        <method signature="EndToEndTest.checkProductToCart()[pri:0, instance:com.mystore.testcases.EndToEndTest@72035809]" name="checkProductToCart" class="com.mystore.testcases.EndToEndTest"/>
        <method signature="CartPageTest.checkProductToCart()[pri:0, instance:com.mystore.testcases.CartPageTest@514646ef]" name="checkProductToCart" class="com.mystore.testcases.CartPageTest"/>
      </group> <!-- Regression -->
      <group name="Smoke">
        <method signature="CartPageTest.checkProductToCart()[pri:0, instance:com.mystore.testcases.CartPageTest@514646ef]" name="checkProductToCart" class="com.mystore.testcases.CartPageTest"/>
      </group> <!-- Smoke -->
    </groups>
    <test started-at="2023-10-13T17:14:36 IST" name="LoginTest" finished-at="2023-10-13T17:14:41 IST" duration-ms="5374">
      <class name="com.mystore.testcases.EndToEndTest">
        <test-method is-config="true" signature="beforeClass(org.testng.ITestContext)[pri:0, instance:com.mystore.testcases.EndToEndTest@72035809]" started-at="2023-10-13T17:14:36 IST" name="beforeClass" finished-at="2023-10-13T17:14:36 IST" duration-ms="328" status="PASS">
          <params>
            <param index="0">
              <value>
                <![CDATA[org.testng.TestRunner@45c9b3]]>
              </value>
            </param>
          </params>
          <reporter-output>
          </reporter-output>
        </test-method> <!-- beforeClass -->
        <test-method is-config="true" signature="beforeMethod(java.lang.String,org.testng.ITestContext)[pri:0, instance:com.mystore.testcases.EndToEndTest@72035809]" started-at="2023-10-13T17:14:36 IST" name="beforeMethod" finished-at="2023-10-13T17:14:39 IST" duration-ms="3184" status="PASS">
          <params>
            <param index="0">
              <value>
                <![CDATA[chrome]]>
              </value>
            </param>
            <param index="1">
              <value>
                <![CDATA[org.testng.TestRunner@45c9b3]]>
              </value>
            </param>
          </params>
          <reporter-output>
          </reporter-output>
        </test-method> <!-- beforeMethod -->
        <test-method signature="checkProductToCart()[pri:0, instance:com.mystore.testcases.EndToEndTest@72035809]" started-at="2023-10-13T17:14:39 IST" name="checkProductToCart" finished-at="2023-10-13T17:14:41 IST" duration-ms="1446" status="FAIL">
          <exception class="java.lang.AssertionError">
            <message>
              <![CDATA[The following asserts failed:
Password is not valid]]>
            </message>
            <full-stacktrace>
              <![CDATA[java.lang.AssertionError: The following asserts failed:
Password is not valid
at org.testng.asserts.SoftAssert.assertAll(SoftAssert.java:46)
at org.testng.asserts.SoftAssert.assertAll(SoftAssert.java:30)
at com.mystore.actiondriver.Action.assertAll(Action.java:114)
at com.mystore.testcases.EndToEndTest.checkProductToCart(EndToEndTest.java:76)
at java.base/jdk.internal.reflect.NativeMethodAccessorImpl.invoke0(Native Method)
at java.base/jdk.internal.reflect.NativeMethodAccessorImpl.invoke(NativeMethodAccessorImpl.java:77)
at java.base/jdk.internal.reflect.DelegatingMethodAccessorImpl.invoke(DelegatingMethodAccessorImpl.java:43)
at java.base/java.lang.reflect.Method.invoke(Method.java:568)
at org.testng.internal.invokers.MethodInvocationHelper.invokeMethod(MethodInvocationHelper.java:139)
at org.testng.internal.invokers.TestInvoker.invokeMethod(TestInvoker.java:664)
at org.testng.internal.invokers.TestInvoker.invokeTestMethod(TestInvoker.java:227)
at org.testng.internal.invokers.MethodRunner.runInSequence(MethodRunner.java:50)
at org.testng.internal.invokers.TestInvoker$MethodInvocationAgent.invoke(TestInvoker.java:957)
at org.testng.internal.invokers.TestInvoker.invokeTestMethods(TestInvoker.java:200)
at org.testng.internal.invokers.TestMethodWorker.invokeTestMethods(TestMethodWorker.java:148)
at org.testng.internal.invokers.TestMethodWorker.run(TestMethodWorker.java:128)
at java.base/java.util.ArrayList.forEach(ArrayList.java:1511)
at org.testng.TestRunner.privateRun(TestRunner.java:848)
at org.testng.TestRunner.run(TestRunner.java:621)
at org.testng.SuiteRunner.runTest(SuiteRunner.java:443)
at org.testng.SuiteRunner.runSequentially(SuiteRunner.java:437)
at org.testng.SuiteRunner.privateRun(SuiteRunner.java:397)
at org.testng.SuiteRunner.run(SuiteRunner.java:336)
at org.testng.SuiteRunnerWorker.runSuite(SuiteRunnerWorker.java:52)
at org.testng.SuiteRunnerWorker.run(SuiteRunnerWorker.java:95)
at org.testng.TestNG.runSuitesSequentially(TestNG.java:1280)
at org.testng.TestNG.runSuitesLocally(TestNG.java:1200)
at org.testng.TestNG.runSuites(TestNG.java:1114)
at org.testng.TestNG.run(TestNG.java:1082)
at org.testng.remote.AbstractRemoteTestNG.run(AbstractRemoteTestNG.java:115)
at org.testng.remote.RemoteTestNG.initAndRun(RemoteTestNG.java:251)
at org.testng.remote.RemoteTestNG.main(RemoteTestNG.java:77)
]]>
            </full-stacktrace>
          </exception> <!-- java.lang.AssertionError -->
          <reporter-output>
          </reporter-output>
        </test-method> <!-- checkProductToCart -->
        <test-method is-config="true" signature="afterTest()[pri:0, instance:com.mystore.testcases.EndToEndTest@72035809]" started-at="2023-10-13T17:14:41 IST" name="afterTest" finished-at="2023-10-13T17:14:41 IST" duration-ms="358" status="PASS">
          <reporter-output>
          </reporter-output>
        </test-method> <!-- afterTest -->
      </class> <!-- com.mystore.testcases.EndToEndTest -->
    </test> <!-- LoginTest -->
    <test started-at="2023-10-13T17:14:41 IST" name="End to End Test" finished-at="2023-10-13T17:14:44 IST" duration-ms="2724">
      <class name="com.mystore.testcases.CartPageTest">
        <test-method is-config="true" signature="beforeClass(org.testng.ITestContext)[pri:0, instance:com.mystore.testcases.CartPageTest@514646ef]" started-at="2023-10-13T17:14:41 IST" name="beforeClass" finished-at="2023-10-13T17:14:41 IST" duration-ms="2" status="PASS">
          <params>
            <param index="0">
              <value>
                <![CDATA[org.testng.TestRunner@38b3f208]]>
              </value>
            </param>
          </params>
          <reporter-output>
          </reporter-output>
        </test-method> <!-- beforeClass -->
        <test-method is-config="true" signature="beforeMethod(java.lang.String,org.testng.ITestContext)[pri:0, instance:com.mystore.testcases.CartPageTest@514646ef]" started-at="2023-10-13T17:14:41 IST" name="beforeMethod" finished-at="2023-10-13T17:14:43 IST" duration-ms="1900" status="PASS">
          <params>
            <param index="0">
              <value>
                <![CDATA[chrome]]>
              </value>
            </param>
            <param index="1">
              <value>
                <![CDATA[org.testng.TestRunner@38b3f208]]>
              </value>
            </param>
          </params>
          <reporter-output>
          </reporter-output>
        </test-method> <!-- beforeMethod -->
        <test-method signature="checkProductToCart()[pri:0, instance:com.mystore.testcases.CartPageTest@514646ef]" started-at="2023-10-13T17:14:43 IST" name="checkProductToCart" finished-at="2023-10-13T17:14:44 IST" duration-ms="728" status="PASS">
          <reporter-output>
          </reporter-output>
        </test-method> <!-- checkProductToCart -->
        <test-method is-config="true" signature="afterTest()[pri:0, instance:com.mystore.testcases.CartPageTest@514646ef]" started-at="2023-10-13T17:14:44 IST" name="afterTest" finished-at="2023-10-13T17:14:44 IST" duration-ms="88" status="PASS">
          <reporter-output>
          </reporter-output>
        </test-method> <!-- afterTest -->
      </class> <!-- com.mystore.testcases.CartPageTest -->
    </test> <!-- End to End Test -->
  </suite> <!-- Suite -->
</testng-results>
