<html>
<head>
<title>TestNG:  LoginTest</title>
<link href="../testng.css" rel="stylesheet" type="text/css" />
<link href="../my-testng.css" rel="stylesheet" type="text/css" />

<style type="text/css">
.log { display: none;} 
.stack-trace { display: none;} 
</style>
<script type="text/javascript">
<!--
function flip(e) {
  current = e.style.display;
  if (current == 'block') {
    e.style.display = 'none';
    return 0;
  }
  else {
    e.style.display = 'block';
    return 1;
  }
}

function toggleBox(szDivId, elem, msg1, msg2)
{
  var res = -1;  if (document.getElementById) {
    res = flip(document.getElementById(szDivId));
  }
  else if (document.all) {
    // this is the way old msie versions work
    res = flip(document.all[szDivId]);
  }
  if(elem) {
    if(res == 0) elem.innerHTML = msg1; else elem.innerHTML = msg2;
  }

}

function toggleAllBoxes() {
  if (document.getElementsByTagName) {
    d = document.getElementsByTagName('div');
    for (i = 0; i < d.length; i++) {
      if (d[i].className == 'log') {
        flip(d[i]);
      }
    }
  }
}

// -->
</script>

</head>
<body>
<h2 align='center'>LoginTest</h2><table border='1' align="center">
<tr>
<td>Tests passed/Failed/Skipped:</td><td>13/1/0</td>
</tr><tr>
<td>Started on:</td><td>Fri Oct 20 12:02:57 IST 2023</td>
</tr>
<tr><td>Total time:</td><td>75 seconds (75512 ms)</td>
</tr><tr>
<td>Included groups:</td><td></td>
</tr><tr>
<td>Excluded groups:</td><td></td>
</tr>
</table><p/>
<small><i>(Hover the method name to see the test class name)</i></small><p/>
<table width='100%' border='1' class='invocation-failed'>
<tr><td colspan='4' align='center'><b>FAILED TESTS</b></td></tr>
<tr><td><b>Test method</b></td>
<td><b>Attribute(s)</b></td>
<td width="30%"><b>Exception</b></td>
<td width="10%"><b>Time (seconds)</b></td>
<td><b>Instance</b></td>
</tr>
<tr>
<td title='com.mystore.testcases.HomeTest.validateSortLowToHigh()'><b>validateSortLowToHigh</b><br>Test class: com.mystore.testcases.HomeTest</td>
<td><div><pre>org.openqa.selenium.WebDriverException: target frame detached
  (failed to check if window was closed: disconnected: not connected to DevTools)
  (Session info: chrome=118.0.5993.89)
Build info: version: &apos;4.10.0&apos;, revision: &apos;c14d967899&apos;
System info: os.name: &apos;Windows 10&apos;, os.arch: &apos;amd64&apos;, os.version: &apos;10.0&apos;, java.version: &apos;11.0.20&apos;
Driver info: org.openqa.selenium.chrome.ChromeDriver
Command: [3d69a180973a1fab3e9df9740c3d1528, getElementText {id=2AC4ED200ED1CD6B23F2980C9D90930B_element_15}]
Capabilities {acceptInsecureCerts: false, browserName: chrome, browserVersion: 118.0.5993.89, chrome: {chromedriverVersion: 118.0.5993.70 (e52f33f30b91..., userDataDir: C:\Users\adj_2\AppData\Loca...}, fedcm:accounts: true, goog:chromeOptions: {debuggerAddress: localhost:62858}, networkConnectionEnabled: false, pageLoadStrategy: normal, platformName: windows, proxy: Proxy(), se:cdp: ws://localhost:62858/devtoo..., se:cdpVersion: 118.0.5993.89, setWindowRect: true, strictFileInteractability: false, timeouts: {implicit: 0, pageLoad: 300000, script: 30000}, unhandledPromptBehavior: dismiss and notify, webauthn:extension:credBlob: true, webauthn:extension:largeBlob: true, webauthn:extension:minPinLength: true, webauthn:extension:prf: true, webauthn:virtualAuthenticators: true}
Element: [[ChromeDriver: chrome on windows (3d69a180973a1fab3e9df9740c3d1528)] -&gt; xpath: //div[@class=&apos;inventory_item_price&apos;]]
Session ID: 3d69a180973a1fab3e9df9740c3d1528
	at org.openqa.selenium.remote.codec.w3c.W3CHttpResponseCodec.createException(W3CHttpResponseCodec.java:199)
	at org.openqa.selenium.remote.codec.w3c.W3CHttpResponseCodec.decode(W3CHttpResponseCodec.java:132)
	at org.openqa.selenium.remote.codec.w3c.W3CHttpResponseCodec.decode(W3CHttpResponseCodec.java:51)
	at org.openqa.selenium.remote.HttpCommandExecutor.execute(HttpCommandExecutor.java:191)
	at org.openqa.selenium.remote.service.DriverCommandExecutor.invokeExecute(DriverCommandExecutor.java:196)
	at org.openqa.selenium.remote.service.DriverCommandExecutor.execute(DriverCommandExecutor.java:171)
	at org.openqa.selenium.remote.RemoteWebDriver.execute(RemoteWebDriver.java:531)
	at org.openqa.selenium.remote.RemoteWebElement.execute(RemoteWebElement.java:242)
	at org.openqa.selenium.remote.RemoteWebElement.getText(RemoteWebElement.java:192)
	at com.mystore.pageobject.HomePage.getBeforeFilterPrices(HomePage.java:70)
	at com.mystore.testcases.HomeTest.validateSortLowToHigh(HomeTest.java:80)
	at java.base/java.util.ArrayList.forEach(ArrayList.java:1541)
... Removed 31 stack frames</pre></div><a href='#' onClick='toggleBox("stack-trace223268272", this, "Click to show all stack frames", "Click to hide stack frames")'>Click to show all stack frames</a>
<div class='stack-trace' id='stack-trace223268272'><pre>org.openqa.selenium.WebDriverException: target frame detached
  (failed to check if window was closed: disconnected: not connected to DevTools)
  (Session info: chrome=118.0.5993.89)
Build info: version: &apos;4.10.0&apos;, revision: &apos;c14d967899&apos;
System info: os.name: &apos;Windows 10&apos;, os.arch: &apos;amd64&apos;, os.version: &apos;10.0&apos;, java.version: &apos;11.0.20&apos;
Driver info: org.openqa.selenium.chrome.ChromeDriver
Command: [3d69a180973a1fab3e9df9740c3d1528, getElementText {id=2AC4ED200ED1CD6B23F2980C9D90930B_element_15}]
Capabilities {acceptInsecureCerts: false, browserName: chrome, browserVersion: 118.0.5993.89, chrome: {chromedriverVersion: 118.0.5993.70 (e52f33f30b91..., userDataDir: C:\Users\adj_2\AppData\Loca...}, fedcm:accounts: true, goog:chromeOptions: {debuggerAddress: localhost:62858}, networkConnectionEnabled: false, pageLoadStrategy: normal, platformName: windows, proxy: Proxy(), se:cdp: ws://localhost:62858/devtoo..., se:cdpVersion: 118.0.5993.89, setWindowRect: true, strictFileInteractability: false, timeouts: {implicit: 0, pageLoad: 300000, script: 30000}, unhandledPromptBehavior: dismiss and notify, webauthn:extension:credBlob: true, webauthn:extension:largeBlob: true, webauthn:extension:minPinLength: true, webauthn:extension:prf: true, webauthn:virtualAuthenticators: true}
Element: [[ChromeDriver: chrome on windows (3d69a180973a1fab3e9df9740c3d1528)] -&gt; xpath: //div[@class=&apos;inventory_item_price&apos;]]
Session ID: 3d69a180973a1fab3e9df9740c3d1528
	at java.base/jdk.internal.reflect.NativeConstructorAccessorImpl.newInstance0(Native Method)
	at java.base/jdk.internal.reflect.NativeConstructorAccessorImpl.newInstance(NativeConstructorAccessorImpl.java:62)
	at java.base/jdk.internal.reflect.DelegatingConstructorAccessorImpl.newInstance(DelegatingConstructorAccessorImpl.java:45)
	at java.base/java.lang.reflect.Constructor.newInstance(Constructor.java:490)
	at org.openqa.selenium.remote.codec.w3c.W3CHttpResponseCodec.createException(W3CHttpResponseCodec.java:199)
	at org.openqa.selenium.remote.codec.w3c.W3CHttpResponseCodec.decode(W3CHttpResponseCodec.java:132)
	at org.openqa.selenium.remote.codec.w3c.W3CHttpResponseCodec.decode(W3CHttpResponseCodec.java:51)
	at org.openqa.selenium.remote.HttpCommandExecutor.execute(HttpCommandExecutor.java:191)
	at org.openqa.selenium.remote.service.DriverCommandExecutor.invokeExecute(DriverCommandExecutor.java:196)
	at org.openqa.selenium.remote.service.DriverCommandExecutor.execute(DriverCommandExecutor.java:171)
	at org.openqa.selenium.remote.RemoteWebDriver.execute(RemoteWebDriver.java:531)
	at org.openqa.selenium.remote.RemoteWebElement.execute(RemoteWebElement.java:242)
	at org.openqa.selenium.remote.RemoteWebElement.getText(RemoteWebElement.java:192)
	at com.mystore.pageobject.HomePage.getBeforeFilterPrices(HomePage.java:70)
	at com.mystore.testcases.HomeTest.validateSortLowToHigh(HomeTest.java:80)
	at java.base/jdk.internal.reflect.NativeMethodAccessorImpl.invoke0(Native Method)
	at java.base/jdk.internal.reflect.NativeMethodAccessorImpl.invoke(NativeMethodAccessorImpl.java:62)
	at java.base/jdk.internal.reflect.DelegatingMethodAccessorImpl.invoke(DelegatingMethodAccessorImpl.java:43)
	at java.base/java.lang.reflect.Method.invoke(Method.java:566)
	at org.testng.internal.invokers.MethodInvocationHelper.invokeMethod(MethodInvocationHelper.java:139)
	at org.testng.internal.invokers.TestInvoker.invokeMethod(TestInvoker.java:664)
	at org.testng.internal.invokers.TestInvoker.invokeTestMethod(TestInvoker.java:227)
	at org.testng.internal.invokers.MethodRunner.runInSequence(MethodRunner.java:50)
	at org.testng.internal.invokers.TestInvoker$MethodInvocationAgent.invoke(TestInvoker.java:957)
	at org.testng.internal.invokers.TestInvoker.invokeTestMethods(TestInvoker.java:200)
	at org.testng.internal.invokers.TestMethodWorker.invokeTestMethods(TestMethodWorker.java:148)
	at org.testng.internal.invokers.TestMethodWorker.run(TestMethodWorker.java:128)
	at java.base/java.util.ArrayList.forEach(ArrayList.java:1541)
	at org.testng.TestRunner.privateRun(TestRunner.java:848)
	at org.testng.TestRunner.run(TestRunner.java:621)
	at org.testng.SuiteRunner.runTest(SuiteRunner.java:443)
	at org.testng.SuiteRunner.runSequentially(SuiteRunner.java:437)
	at org.testng.SuiteRunner.privateRun(SuiteRunner.java:397)
	at org.testng.SuiteRunner.run(SuiteRunner.java:336)
	at org.testng.SuiteRunnerWorker.runSuite(SuiteRunnerWorker.java:52)
	at org.testng.SuiteRunnerWorker.run(SuiteRunnerWorker.java:95)
	at org.testng.TestNG.runSuitesSequentially(TestNG.java:1280)
	at org.testng.TestNG.runSuitesLocally(TestNG.java:1200)
	at org.testng.TestNG.runSuites(TestNG.java:1114)
	at org.testng.TestNG.run(TestNG.java:1082)
	at org.testng.remote.AbstractRemoteTestNG.run(AbstractRemoteTestNG.java:115)
	at org.testng.remote.RemoteTestNG.initAndRun(RemoteTestNG.java:251)
	at org.testng.remote.RemoteTestNG.main(RemoteTestNG.java:77)
</pre></div></td>
<td>11</td>
<td>com.mystore.testcases.HomeTest@2de56eb2</td></tr>
</table><p>
<table width='100%' border='1' class='invocation-passed'>
<tr><td colspan='4' align='center'><b>PASSED TESTS</b></td></tr>
<tr><td><b>Test method</b></td>
<td><b>Attribute(s)</b></td>
<td width="30%"><b>Exception</b></td>
<td width="10%"><b>Time (seconds)</b></td>
<td><b>Instance</b></td>
</tr>
<tr>
<td title='com.mystore.testcases.LoginSession.loginToApp()'><b>loginToApp</b><br>Test class: com.mystore.testcases.LoginSession<br>Parameters: , </td>
<td></td>
<td>0</td>
<td>com.mystore.testcases.LoginSession@5b799640</td></tr>
<tr>
<td title='com.mystore.testcases.CartPageTest.checkProductToCart()'><b>checkProductToCart</b><br>Test class: com.mystore.testcases.CartPageTest</td>
<td></td>
<td>2</td>
<td>com.mystore.testcases.CartPageTest@239a307b</td></tr>
<tr>
<td title='com.mystore.testcases.LoginSession.logout()'><b>logout</b><br>Test class: com.mystore.testcases.LoginSession</td>
<td></td>
<td>7</td>
<td>com.mystore.testcases.LoginSession@5b799640</td></tr>
<tr>
<td title='com.mystore.testcases.HomeTest.addToCartProduct()'><b>addToCartProduct</b><br>Test class: com.mystore.testcases.HomeTest</td>
<td></td>
<td>0</td>
<td>com.mystore.testcases.HomeTest@2de56eb2</td></tr>
<tr>
<td title='com.mystore.testcases.CheckoutInfoTest.checkProductToCart()'><b>checkProductToCart</b><br>Test class: com.mystore.testcases.CheckoutInfoTest<br>Parameters: Lalita, Saini, 122356</td>
<td></td>
<td>1</td>
<td>com.mystore.testcases.CheckoutInfoTest@6f204a1a</td></tr>
<tr>
<td title='com.mystore.testcases.HomeTest.validateLogo()'><b>validateLogo</b><br>Test class: com.mystore.testcases.HomeTest</td>
<td></td>
<td>0</td>
<td>com.mystore.testcases.HomeTest@2de56eb2</td></tr>
<tr>
<td title='com.mystore.testcases.CheckoutInfoTest.checkProductToCart()'><b>checkProductToCart</b><br>Test class: com.mystore.testcases.CheckoutInfoTest<br>Parameters: 3456tyghvbn, 897iutkyfthcj, tyfg@54ertyfg</td>
<td></td>
<td>1</td>
<td>com.mystore.testcases.CheckoutInfoTest@6f204a1a</td></tr>
<tr>
<td title='com.mystore.testcases.LoginSession.loginToApp()'><b>loginToApp</b><br>Test class: com.mystore.testcases.LoginSession<br>Parameters: standard_user, bbdh6</td>
<td></td>
<td>0</td>
<td>com.mystore.testcases.LoginSession@5b799640</td></tr>
<tr>
<td title='com.mystore.testcases.OverviewPageTest.checkProductToCart()'><b>checkProductToCart</b><br>Test class: com.mystore.testcases.OverviewPageTest</td>
<td></td>
<td>1</td>
<td>com.mystore.testcases.OverviewPageTest@2a8448fa</td></tr>
<tr>
<td title='com.mystore.testcases.LoginSession.loginToApp()'><b>loginToApp</b><br>Test class: com.mystore.testcases.LoginSession<br>Parameters: Apn2232, secret_sauce</td>
<td></td>
<td>0</td>
<td>com.mystore.testcases.LoginSession@5b799640</td></tr>
<tr>
<td title='com.mystore.testcases.EndToEndTest.checkProductToCart()'><b>checkProductToCart</b><br>Test class: com.mystore.testcases.EndToEndTest</td>
<td></td>
<td>6</td>
<td>com.mystore.testcases.EndToEndTest@43f02ef2</td></tr>
<tr>
<td title='com.mystore.testcases.LoginSession.loginToApp()'><b>loginToApp</b><br>Test class: com.mystore.testcases.LoginSession<br>Parameters: mngr524298, 3@123</td>
<td></td>
<td>0</td>
<td>com.mystore.testcases.LoginSession@5b799640</td></tr>
<tr>
<td title='com.mystore.testcases.LoginSession.loginToApp()'><b>loginToApp</b><br>Test class: com.mystore.testcases.LoginSession<br>Parameters: standard_user, secret_sauce</td>
<td></td>
<td>0</td>
<td>com.mystore.testcases.LoginSession@5b799640</td></tr>
</table><p>
</body>
</html>